<?xml version="1.0" encoding="UTF-8"?>
<!-- Generated by org.testng.reporters.JUnitXMLReporter -->
<testsuite ignored="0" hostname="DESKTOP-5G4IKES" failures="0" tests="4" name="Default test" time="10.168" errors="0" timestamp="2024-03-15T15:31:05 IST">
  <testcase classname="api.test.UserTests" name="testPostUser" time="3.747"/>
  <testcase classname="api.test.UserTests" name="testGetUserByName" time="1.101"/>
  <testcase classname="api.test.UserTests" name="testUpdateUserByName" time="2.473"/>
  <testcase classname="api.test.UserTests" name="testDeleteUserByName" time="1.438"/>
</testsuite> <!-- Default test -->
