<?xml version="1.0" encoding="UTF-8"?>
<testng-results ignored="0" total="4" passed="4" failed="0" skipped="0">
  <reporter-output>
  </reporter-output>
  <suite started-at="2024-03-15T15:30:55 IST" name="Default suite" finished-at="2024-03-15T15:31:05 IST" duration-ms="10168">
    <groups>
    </groups>
    <test started-at="2024-03-15T15:30:55 IST" name="Default test" finished-at="2024-03-15T15:31:05 IST" duration-ms="10168">
      <class name="api.test.UserTests">
        <test-method is-config="true" signature="setup()[pri:0, instance:api.test.UserTests@55634720]" started-at="2024-03-15T15:30:55 IST" name="setup" finished-at="2024-03-15T15:30:57 IST" duration-ms="1327" status="PASS">
          <reporter-output>
          </reporter-output>
        </test-method> <!-- setup -->
        <test-method signature="testPostUser()[pri:1, instance:api.test.UserTests@55634720]" started-at="2024-03-15T15:30:57 IST" name="testPostUser" finished-at="2024-03-15T15:31:00 IST" duration-ms="3747" status="PASS">
          <reporter-output>
          </reporter-output>
        </test-method> <!-- testPostUser -->
        <test-method signature="testGetUserByName()[pri:2, instance:api.test.UserTests@55634720]" started-at="2024-03-15T15:31:00 IST" name="testGetUserByName" finished-at="2024-03-15T15:31:01 IST" duration-ms="1101" status="PASS">
          <reporter-output>
          </reporter-output>
        </test-method> <!-- testGetUserByName -->
        <test-method signature="testUpdateUserByName()[pri:3, instance:api.test.UserTests@55634720]" started-at="2024-03-15T15:31:01 IST" name="testUpdateUserByName" finished-at="2024-03-15T15:31:04 IST" duration-ms="2473" status="PASS">
          <reporter-output>
          </reporter-output>
        </test-method> <!-- testUpdateUserByName -->
        <test-method signature="testDeleteUserByName()[pri:4, instance:api.test.UserTests@55634720]" started-at="2024-03-15T15:31:04 IST" name="testDeleteUserByName" finished-at="2024-03-15T15:31:05 IST" duration-ms="1438" status="PASS">
          <reporter-output>
          </reporter-output>
        </test-method> <!-- testDeleteUserByName -->
      </class> <!-- api.test.UserTests -->
    </test> <!-- Default test -->
  </suite> <!-- Default suite -->
</testng-results>
