<?xml version="1.0" encoding="UTF-8"?>
<!-- Generated by org.testng.reporters.JUnitXMLReporter -->
<testsuite ignored="0" hostname="DESKTOP-5G4IKES" failures="0" tests="4" name="PetTests" time="9.873" errors="0" timestamp="2024-03-15T16:48:28 IST">
  <testcase classname="api.test.UserTests2" name="testPostUser" time="3.545"/>
  <testcase classname="api.test.UserTests2" name="testGetUserByName" time="1.115"/>
  <testcase classname="api.test.UserTests2" name="testUpdateUserByName" time="2.645"/>
  <testcase classname="api.test.UserTests2" name="testDeleteUserByName" time="1.258"/>
</testsuite> <!-- PetTests -->
